25/04/2026 12:44:33: Open executable: C:\Users\Lenovo\Desktop\UAB\4¤_semestre\DA\Proyectos\D_Alg---Project\GraphApplicationV3 (2)\GraphApplication\GraphApplicationProf.exe
25/04/2026 12:44:33: Command line: GraphApplicationProf.exe display Display.GR Display.dis
25/04/2026 12:44:33: Nom Alumne 1: nombre del alumno 1
25/04/2026 12:44:33: Cognoms Alumne : apellidos del alumno 1
25/04/2026 12:44:33: NIU Alumne 1: 1000000
25/04/2026 12:44:33: Nom Alumne 2: nombre del alumno 2
25/04/2026 12:44:33: Cognoms Alumne 2: apellidos del alumno 2
25/04/2026 12:44:33: NIU Alumne 2: 
25/04/2026 12:44:33: Display Display.GR Display.GR
25/04/2026 12:44:39: OnBnClickedButtonDijkstraQueue
25/04/2026 12:44:39: Run time: 0.000008
25/04/2026 12:44:40: OnBnClickedButtonDijkstraQueue
25/04/2026 12:44:40: Run time: 0.000008
25/04/2026 12:44:42: OnBnClickedButtonDijkstraQueue
25/04/2026 12:44:42: Run time: 0.000008
25/04/2026 12:44:42: OnBnClickedButtonDijkstraQueue
25/04/2026 12:44:42: Run time: 0.000009
25/04/2026 12:44:47: OnBnClickedButtonTrobaCami1
25/04/2026 12:44:47: ERROR: CGraph::GetVertex: no se ha encontrado un vûˋrtice del grafo con nombre: INICI
25/04/2026 12:44:48: OnBnClickedButtonTrobaCami2
25/04/2026 12:44:48: ERROR: CGraph::GetVertex: no se ha encontrado un vûˋrtice del grafo con nombre: INICI
25/04/2026 12:44:49: OnBnClickedButtonTrobaCami3
25/04/2026 12:44:49: ERROR: CGraph::GetVertex: no se ha encontrado un vûˋrtice del grafo con nombre: INICI
25/04/2026 12:45:22: Close executable: C:\Users\Lenovo\Desktop\UAB\4¤_semestre\DA\Proyectos\D_Alg---Project\GraphApplicationV3 (2)\GraphApplication\GraphApplicationProf.exe
